Arguments: 
  C:\Program Files\nodejs\node.exe C:\Users\Nikita\AppData\Roaming\npm\node_modules\yarn\bin\yarn.js install

PATH: 
  C:\Program Files (x86)\NVIDIA Corporation\PhysX\Common;C:\Windows\System32;C:\Windows;C:\Windows\System32\wbem;C:\Windows\System32\WindowsPowerShell\v1.0\;C:\Program Files\Microsoft SQL Server\130\Tools\Binn\;C:\Program Files\dotnet\;C:\Program Files (x86)\Microsoft SQL Server\100\Tools\Binn\;C:\Program Files\Microsoft SQL Server\100\Tools\Binn\;C:\Program Files\Microsoft SQL Server\100\DTS\Binn\;C:\Program Files (x86)\Microsoft SQL Server\100\Tools\Binn\VSShell\Common7\IDE\;C:\Program Files (x86)\Microsoft Visual Studio 9.0\Common7\IDE\PrivateAssemblies\;C:\Program Files (x86)\Microsoft SQL Server\100\DTS\Binn\;C:\WINDOWS\system32;C:\WINDOWS;C:\WINDOWS\System32\Wbem;C:\WINDOWS\System32\WindowsPowerShell\v1.0\;C:\WINDOWS\System32\OpenSSH\;C:\Program Files\Git\cmd;C:\Program Files\Git\mingw64\bin;C:\Program Files\Git\usr\bin;C:\Program Files\nodejs\;C:\Users\Nikita\AppData\Local\Microsoft\WindowsApps;C:\Program Files\MongoDB\Server\3.6\bin;C:\Users\Nikita\AppData\Local\Programs\MiKTeX 2.9\miktex\bin\x64\;C:\Users\Nikita\AppData\Local\Programs\Microsoft VS Code\bin;C:\Users\Nikita\AppData\Roaming\npm

Yarn version: 
  1.22.17

Node version: 
  16.13.2

Platform: 
  win32 x64

Trace: 
  Error: https://registry.yarnpkg.com/@mui/icons-material/-/icons-material-5.5.1.tgz: ESOCKETTIMEDOUT
      at ClientRequest.<anonymous> (C:\Users\Nikita\AppData\Roaming\npm\node_modules\yarn\lib\cli.js:141510:19)
      at Object.onceWrapper (node:events:509:28)
      at ClientRequest.emit (node:events:390:28)
      at TLSSocket.emitRequestTimeout (node:_http_client:763:9)
      at Object.onceWrapper (node:events:509:28)
      at TLSSocket.emit (node:events:402:35)
      at TLSSocket.Socket._onTimeout (node:net:501:8)
      at listOnTimeout (node:internal/timers:557:17)
      at processTimers (node:internal/timers:500:7)

npm manifest: 
  {
    "name": "boilerplate",
    "version": "1.0.0",
    "main": "index.js",
    "license": "MIT",
    "dependencies": {
      "@babel/runtime": "^7.17.8",
      "@emotion/react": "^11.8.2",
      "@emotion/styled": "^11.8.1",
      "@mui/icons-material": "^5.5.1",
      "@mui/material": "^5.5.2",
      "core-js": "^3.21.1",
      "react": "^17.0.2",
      "react-dom": "^17.0.2"
    },
    "scripts": {
      "editorconfig": "editorconfig-checker",
      "test": "npm run editorconfig",
      "build:prod": "rimraf ./dist && webpack --mode production --config webpack.config.js",
      "build:dev": "rimraf ./dist && webpack --mode development --config webpack.config.js",
      "start": "webpack serve"
    },
    "devDependencies": {
      "@babel/core": "^7.17.5",
      "@babel/plugin-transform-runtime": "^7.17.0",
      "@babel/preset-env": "^7.16.11",
      "@babel/preset-react": "^7.16.7",
      "babel-loader": "^8.2.4",
      "babel-polyfill": "^6.26.0",
      "css-loader": "^6.6.0",
      "html-webpack-plugin": "^5.5.0",
      "rimraf": "^3.0.2",
      "sass-loader": "^12.6.0",
      "style-loader": "^3.3.1",
      "webpack": "^5.69.1",
      "webpack-cli": "^4.9.2",
      "webpack-dev-server": "^4.7.4"
    }
  }

yarn manifest: 
  No manifest

Lockfile: 
  No lockfile
